[0.008s] Invoking command in '/home/salvatore/ros2_ws/src/reseq_interfaces/build/reseq_interfaces': DEBUGINFOD_URLS=https://debuginfod.ubuntu.com /usr/bin/cmake /home/salvatore/ros2_ws/src/reseq_interfaces -DCMAKE_INSTALL_PREFIX=/home/salvatore/ros2_ws/src/reseq_interfaces/install/reseq_interfaces
[0.113s] -- The C compiler identification is GNU 13.3.0
[0.204s] -- The CXX compiler identification is GNU 13.3.0
[0.219s] -- Detecting C compiler ABI info
[0.284s] -- Detecting C compiler ABI info - done
[0.293s] -- Check for working C compiler: /usr/bin/cc - skipped
[0.293s] -- Detecting C compile features
[0.294s] -- Detecting C compile features - done
[0.301s] -- Detecting CXX compiler ABI info
[0.370s] -- Detecting CXX compiler ABI info - done
[0.378s] -- Check for working CXX compiler: /usr/bin/c++ - skipped
[0.378s] -- Detecting CXX compile features
[0.379s] -- Detecting CXX compile features - done
[0.387s] [31mCMake Error at CMakeLists.txt:8 (find_package):
[0.387s]   By not providing "Findament_cmake.cmake" in CMAKE_MODULE_PATH this project
[0.387s]   has asked CMake to find a package configuration file provided by
[0.387s]   "ament_cmake", but CMake did not find one.
[0.387s] 
[0.387s]   Could not find a package configuration file provided by "ament_cmake" with
[0.387s]   any of the following names:
[0.387s] 
[0.387s]     ament_cmakeConfig.cmake
[0.387s]     ament_cmake-config.cmake
[0.387s] 
[0.387s]   Add the installation prefix of "ament_cmake" to CMAKE_PREFIX_PATH or set
[0.387s]   "ament_cmake_DIR" to a directory containing one of the above files.  If
[0.387s]   "ament_cmake" provides a separate development package or SDK, be sure it
[0.387s]   has been installed.
[0.387s] 
[0.387s] [0m
[0.387s] -- Configuring incomplete, errors occurred!
[0.389s] Invoked command in '/home/salvatore/ros2_ws/src/reseq_interfaces/build/reseq_interfaces' returned '1': DEBUGINFOD_URLS=https://debuginfod.ubuntu.com /usr/bin/cmake /home/salvatore/ros2_ws/src/reseq_interfaces -DCMAKE_INSTALL_PREFIX=/home/salvatore/ros2_ws/src/reseq_interfaces/install/reseq_interfaces
